<?xml version="1.0" encoding="UTF-8"?>
<!-- Generated by org.testng.reporters.JUnitXMLReporter -->
<testsuite ignored="0" hostname="RED-ONE" failures="0" tests="4" name="Default test" time="98.975" errors="0" timestamp="2024-07-06T20:06:01 BDT">
  <testcase classname="authenTication.Login_Logout" name="invalidUser_ValidPassword" time="5.795"/>
  <testcase classname="authenTication.Login_Logout" name="invalidPassword_ValidUser" time="4.652"/>
  <testcase classname="authenTication.Login_Logout" name="invalidPassword_InvalidUser" time="6.45"/>
  <testcase classname="authenTication.Login_Logout" name="validPassword_ValidUser" time="4.431"/>
</testsuite> <!-- Default test -->
